<?xml version="1.0" encoding="UTF-8"?>
<!-- Generated by org.testng.reporters.JUnitReportReporter -->
<testsuite hostname="DESKTOP-SAV3HI1" failures="0" tests="1" name="com.ak.ap.GetEmployeeAk" time="0.006" errors="0" timestamp="2025-04-02T19:14:16 EDT" skipped="0">
  <testcase classname="com.ak.ap.GetEmployeeAk" name="ngtst" time="0.006"/>
</testsuite> <!-- com.ak.ap.GetEmployeeAk -->
